<?xml version="1.0" encoding="UTF-8"?>
<testsuites name="jest tests" tests="5" failures="0" time="0.962">
  <testsuite name="Sample" errors="0" failures="0" skipped="0" timestamp="2019-08-05T06:35:48" time="0.576" tests="5">
    <testcase classname="Sample is empty by default" name="Sample is empty by default" time="0.026">
    </testcase>
    <testcase classname="Sample clicks" name="Sample clicks" time="0.023">
    </testcase>
    <testcase classname="Sample foo renders and has length 3" name="Sample foo renders and has length 3" time="0">
    </testcase>
    <testcase classname="Sample bar-baz renders and has length 7" name="Sample bar-baz renders and has length 7" time="0.001">
    </testcase>
    <testcase classname="Sample sample renders and has length 5" name="Sample sample renders and has length 5" time="0">
    </testcase>
  </testsuite>
</testsuites>