<?xml version="1.0" encoding="utf-8"?><testsuite errors="0" failures="0" name="pytest" skipped="1" tests="2" time="7.232"><testcase classname="flaskr.tests.api.unit.test_test" file="flaskr/tests/api/unit/test_test.py" line="7" name="test_login" time="6.913"><system-out>[(&apos;8777ee92-5977-4021-8e86-27687032bad6&apos;, {&apos;status&apos;: &apos;success&apos;, &apos;message&apos;: &apos;Login successfull..&apos;})]
[({&apos;status&apos;: &apos;success&apos;, &apos;message&apos;: &apos;Token process successfull..&apos;},)]
</system-out></testcase><testcase classname="flaskr.tests.api.unit.test_test" file="flaskr/tests/api/unit/test_test.py" line="27" name="test_listnodes" time="0.004"><skipped message="" type="pytest.xfail"></skipped></testcase></testsuite>